D:\VS_PROJECT\CPRIMERPLUS6TH_CHAPTER4_COMPLEXTYPE\CPRIMERPLUS6TH_CHAPTER4_COMPLEXTYPE\DEBUG\CPRIMERPLUS_EXERCISE_4_7.OBJ
D:\VS_PROJECT\CPRIMERPLUS6TH_CHAPTER4_COMPLEXTYPE\CPRIMERPLUS6TH_CHAPTER4_COMPLEXTYPE\DEBUG\CPRIMERPLUS_EXERCISE_4_8.OBJ
D:\VS_PROJECT\CPRIMERPLUS6TH_CHAPTER4_COMPLEXTYPE\CPRIMERPLUS6TH_CHAPTER4_COMPLEXTYPE\DEBUG\CPRIMERPLUS_EXERCISE_4_9.OBJ
D:\VS_PROJECT\CPRIMERPLUS6TH_CHAPTER4_COMPLEXTYPE\CPRIMERPLUS6TH_CHAPTER4_COMPLEXTYPE\DEBUG\CPRIMERPLUS_EXERCISE_4_10.OBJ
D:\VS_PROJECT\CPRIMERPLUS6TH_CHAPTER4_COMPLEXTYPE\CPRIMERPLUS6TH_CHAPTER4_COMPLEXTYPE\DEBUG\CPRIMERPLUS_EXERCISE_4_6.OBJ
D:\VS_PROJECT\CPRIMERPLUS6TH_CHAPTER4_COMPLEXTYPE\CPRIMERPLUS6TH_CHAPTER4_COMPLEXTYPE\DEBUG\CPRIMERPLUS_EXERCISE_4_1.OBJ
D:\VS_PROJECT\CPRIMERPLUS6TH_CHAPTER4_COMPLEXTYPE\CPRIMERPLUS6TH_CHAPTER4_COMPLEXTYPE\DEBUG\CPRIMERPLUS_EXERCISE_4_2.OBJ
D:\VS_PROJECT\CPRIMERPLUS6TH_CHAPTER4_COMPLEXTYPE\CPRIMERPLUS6TH_CHAPTER4_COMPLEXTYPE\DEBUG\CPRIMERPLUS_EXERCISE_4_3.OBJ
D:\VS_PROJECT\CPRIMERPLUS6TH_CHAPTER4_COMPLEXTYPE\CPRIMERPLUS6TH_CHAPTER4_COMPLEXTYPE\DEBUG\CPRIMERPLUS_EXERCISE_4_4.OBJ
D:\VS_PROJECT\CPRIMERPLUS6TH_CHAPTER4_COMPLEXTYPE\CPRIMERPLUS6TH_CHAPTER4_COMPLEXTYPE\DEBUG\CPRIMERPLUS_EXERCISE_4_5.OBJ
D:\VS_PROJECT\CPRIMERPLUS6TH_CHAPTER4_COMPLEXTYPE\CPRIMERPLUS6TH_CHAPTER4_COMPLEXTYPE\DEBUG\MAIN.OBJ
D:\VS_PROJECT\CPRIMERPLUS6TH_CHAPTER4_COMPLEXTYPE\CPRIMERPLUS6TH_CHAPTER4_COMPLEXTYPE\DEBUG\VC110.PDB
D:\VS_PROJECT\CPRIMERPLUS6TH_CHAPTER4_COMPLEXTYPE\DEBUG\CPRIMERPLUS6TH_CHAPTER4_COMPLEXTYPE.ILK
D:\VS_PROJECT\CPRIMERPLUS6TH_CHAPTER4_COMPLEXTYPE\DEBUG\CPRIMERPLUS6TH_CHAPTER4_COMPLEXTYPE.EXE
D:\VS_PROJECT\CPRIMERPLUS6TH_CHAPTER4_COMPLEXTYPE\DEBUG\CPRIMERPLUS6TH_CHAPTER4_COMPLEXTYPE.PDB
D:\VS_Project\cprimerplus6th_chapter4_complextype\cprimerplus6th_chapter4_complextype\Debug\cprimerplus_exercise_4_1.obj
D:\VS_Project\cprimerplus6th_chapter4_complextype\cprimerplus6th_chapter4_complextype\Debug\cprimerplus_exercise_4_10.obj
D:\VS_Project\cprimerplus6th_chapter4_complextype\cprimerplus6th_chapter4_complextype\Debug\cprimerplus_exercise_4_2.obj
D:\VS_Project\cprimerplus6th_chapter4_complextype\cprimerplus6th_chapter4_complextype\Debug\cprimerplus_exercise_4_3.obj
D:\VS_Project\cprimerplus6th_chapter4_complextype\cprimerplus6th_chapter4_complextype\Debug\cprimerplus_exercise_4_4.obj
D:\VS_Project\cprimerplus6th_chapter4_complextype\cprimerplus6th_chapter4_complextype\Debug\cprimerplus_exercise_4_5.obj
D:\VS_Project\cprimerplus6th_chapter4_complextype\cprimerplus6th_chapter4_complextype\Debug\cprimerplus_exercise_4_6.obj
D:\VS_Project\cprimerplus6th_chapter4_complextype\cprimerplus6th_chapter4_complextype\Debug\cprimerplus_exercise_4_7.obj
D:\VS_Project\cprimerplus6th_chapter4_complextype\cprimerplus6th_chapter4_complextype\Debug\cprimerplus_exercise_4_8.obj
D:\VS_Project\cprimerplus6th_chapter4_complextype\cprimerplus6th_chapter4_complextype\Debug\cprimerplus_exercise_4_9.obj
D:\VS_Project\cprimerplus6th_chapter4_complextype\cprimerplus6th_chapter4_complextype\Debug\main.obj
D:\VS_Project\cprimerplus6th_chapter4_complextype\cprimerplus6th_chapter4_complextype\Debug\cl.command.1.tlog
D:\VS_Project\cprimerplus6th_chapter4_complextype\cprimerplus6th_chapter4_complextype\Debug\CL.read.1.tlog
D:\VS_Project\cprimerplus6th_chapter4_complextype\cprimerplus6th_chapter4_complextype\Debug\CL.write.1.tlog
D:\VS_Project\cprimerplus6th_chapter4_complextype\cprimerplus6th_chapter4_complextype\Debug\link-cvtres.read.1.tlog
D:\VS_Project\cprimerplus6th_chapter4_complextype\cprimerplus6th_chapter4_complextype\Debug\link-cvtres.write.1.tlog
D:\VS_Project\cprimerplus6th_chapter4_complextype\cprimerplus6th_chapter4_complextype\Debug\link-rc.read.1.tlog
D:\VS_Project\cprimerplus6th_chapter4_complextype\cprimerplus6th_chapter4_complextype\Debug\link-rc.write.1.tlog
D:\VS_Project\cprimerplus6th_chapter4_complextype\cprimerplus6th_chapter4_complextype\Debug\link.command.1.tlog
D:\VS_Project\cprimerplus6th_chapter4_complextype\cprimerplus6th_chapter4_complextype\Debug\link.read.1.tlog
D:\VS_Project\cprimerplus6th_chapter4_complextype\cprimerplus6th_chapter4_complextype\Debug\link.write.1.tlog
D:\VS_Project\cprimerplus6th_chapter4_complextype\cprimerplus6th_chapter4_complextype\Debug\vc110.idb
D:\VS_Project\cprimerplus6th_chapter4_complextype\cprimerplus6th_chapter4_complextype\Debug\vc110.pdb
D:\VS_Project\cprimerplus6th_chapter4_complextype\Debug\cprimerplus6th_chapter4_complextype.pdb
D:\VS_Project\cprimerplus6th_chapter4_complextype\Debug\cprimerplus6th_chapter4_complextype.exe
D:\VS_Project\cprimerplus6th_chapter4_complextype\Debug\cprimerplus6th_chapter4_complextype.ilk
